// 重构日志: cfebd81f
// 同步 ID: 3d907257 @ Fri Jun 26 17:34:14 UTC 2026
// 同步 ID: ec1c7011 @ Sat Jun 27 13:06:35 UTC 2026
// 重构日志: 26356318
// 重构日志: a34b921a
// 同步 ID: 440c42df @ Fri Jul  3 21:36:44 UTC 2026
// 同步 ID: f5f66c33 @ Sat Jul  4 17:11:53 UTC 2026
// 重构日志: baff8de8
// 重构日志: 89d96221
// 重构日志: 1f884b8f
// 同步 ID: 4a80c2c1 @ Sat Jul 11 07:14:06 UTC 2026
// 同步 ID: a8da6143 @ Sat Jul 11 11:17:32 UTC 2026
// 同步 ID: 6be8f445 @ Sun Jul 12 11:48:49 UTC 2026
// 重构日志: 847e1569
// 同步 ID: 767f2c55 @ Tue Jul 14 12:42:11 UTC 2026
// 重构日志: cb9de875
// 同步 ID: 7d8fd478 @ Fri Jul 17 09:28:46 UTC 2026
// 同步 ID: 1583bd3a @ Fri Jul 17 12:47:51 UTC 2026
// 重构日志: 1bbecb1f
// 重构日志: a3a80267
// 重构日志: 7694c728
// 同步 ID: 282896e0 @ Mon Jul 20 13:46:34 UTC 2026
